[TRACE] 00:39:17:668 INSTANCIA/(5784:5784): Nace una nueva Instancia
[TRACE] 00:39:17:673 INSTANCIA/(5784:5784): Conectó sin problemas
[TRACE] 00:39:25:375 INSTANCIA/(5784:5784): Mandamos un mensaje al servidor
[TRACE] 00:41:14:936 INSTANCIA/(5862:5862): Nace una nueva Instancia
[TRACE] 00:41:14:939 INSTANCIA/(5862:5862): Conectó sin problemas
[TRACE] 00:41:32:901 INSTANCIA/(5862:5862): Mandamos un mensaje al servidor
[TRACE] 00:42:34:466 INSTANCIA/(5946:5946): Nace una nueva Instancia
[TRACE] 00:42:34:472 INSTANCIA/(5946:5946): Conectó sin problemas
[TRACE] 00:44:36:672 INSTANCIA/(5986:5986): Nace una nueva Instancia
[TRACE] 00:44:36:673 INSTANCIA/(5986:5986): Conectó sin problemas
[TRACE] 00:45:34:539 INSTANCIA/(6026:6026): Nace una nueva Instancia
[TRACE] 00:45:34:544 INSTANCIA/(6026:6026): Conectó sin problemas
[TRACE] 00:46:23:970 INSTANCIA/(6089:6089): Nace una nueva Instancia
[TRACE] 00:46:23:971 INSTANCIA/(6089:6089): Conectó sin problemas
[TRACE] 00:46:42:393 INSTANCIA/(6089:6089): Mandamos un mensaje al servidor
[TRACE] 00:47:03:123 INSTANCIA/(6107:6107): Nace una nueva Instancia
[TRACE] 00:47:03:123 INSTANCIA/(6107:6107): Conectó sin problemas
[TRACE] 00:47:46:30 INSTANCIA/(6146:6146): Nace una nueva Instancia
[TRACE] 00:47:46:34 INSTANCIA/(6146:6146): Conectó sin problemas
[TRACE] 00:47:55:934 INSTANCIA/(6146:6146): Mandamos un mensaje al servidor
[TRACE] 00:59:51:969 INSTANCIA/(6471:6471): Nace una nueva Instancia
[TRACE] 00:59:52:27 INSTANCIA/(6471:6471): Conectó sin problemas
[TRACE] 01:00:15:864 INSTANCIA/(6488:6488): Nace una nueva Instancia
[TRACE] 01:00:15:864 INSTANCIA/(6488:6488): Conectó sin problemas
[TRACE] 01:01:15:57 INSTANCIA/(6534:6534): Nace una nueva Instancia
[TRACE] 01:01:15:59 INSTANCIA/(6534:6534): Conectó sin problemas
[TRACE] 01:01:33:385 INSTANCIA/(6534:6534): Mandamos un mensaje al servidor
[TRACE] 01:15:33:809 INSTANCIA/(6962:6962): Nace una nueva Instancia
[TRACE] 01:15:33:822 INSTANCIA/(6962:6962): Conectó sin problemas
[TRACE] 01:15:46:370 INSTANCIA/(6962:6962): Mandamos un mensaje al servidor, esperamos respuesta
[TRACE] 01:16:30:794 INSTANCIA/(7005:7005): Nace una nueva Instancia
[TRACE] 01:16:30:795 INSTANCIA/(7005:7005): Conectó sin problemas
[TRACE] 01:17:01:779 INSTANCIA/(7025:7025): Nace una nueva Instancia
[TRACE] 01:17:01:796 INSTANCIA/(7025:7025): Conectó sin problemas
[TRACE] 01:17:15:787 INSTANCIA/(7044:7044): Nace una nueva Instancia
[TRACE] 01:17:15:788 INSTANCIA/(7044:7044): Conectó sin problemas
[TRACE] 01:17:32:388 INSTANCIA/(7077:7077): Nace una nueva Instancia
[TRACE] 01:17:32:390 INSTANCIA/(7077:7077): Conectó sin problemas
[TRACE] 01:17:58:898 INSTANCIA/(7116:7116): Nace una nueva Instancia
[TRACE] 01:17:58:899 INSTANCIA/(7116:7116): Conectó sin problemas
[TRACE] 01:18:22:67 INSTANCIA/(7116:7116): Mandamos un mensaje al servidor, esperamos respuesta
[TRACE] 01:27:57:988 INSTANCIA/(7446:7446): Nace una nueva Instancia
[TRACE] 01:27:58:44 INSTANCIA/(7446:7446): Conectó sin problemas
[TRACE] 01:28:09:338 INSTANCIA/(7446:7446): Mandamos un mensaje al servidor, esperamos respuesta
[TRACE] 01:29:44:248 INSTANCIA/(7497:7497): Nace una nueva Instancia
[TRACE] 01:29:44:256 INSTANCIA/(7497:7497): Conectó sin problemas
[TRACE] 01:30:00:34 INSTANCIA/(7515:7515): Nace una nueva Instancia
[TRACE] 01:30:00:34 INSTANCIA/(7515:7515): Conectó sin problemas
[TRACE] 01:30:13:42 INSTANCIA/(7531:7531): Nace una nueva Instancia
[TRACE] 01:30:13:45 INSTANCIA/(7531:7531): Conectó sin problemas
[TRACE] 01:30:46:611 INSTANCIA/(7574:7574): Nace una nueva Instancia
[TRACE] 01:30:46:611 INSTANCIA/(7574:7574): Conectó sin problemas
[TRACE] 01:30:53:992 INSTANCIA/(7574:7574): Mandamos un mensaje al servidor, esperamos respuesta
[TRACE] 01:40:35:175 INSTANCIA/(7891:7891): Nace una nueva Instancia
[TRACE] 01:40:35:203 INSTANCIA/(7891:7891): Conectó sin problemas
[TRACE] 01:40:46:15 INSTANCIA/(7891:7891): Mandamos un mensaje al servidor, esperamos respuesta
[TRACE] 01:50:46:384 INSTANCIA/(8217:8217): Nace una nueva Instancia
[TRACE] 01:50:46:434 INSTANCIA/(8217:8217): Conectó sin problemas
[TRACE] 01:51:34:820 INSTANCIA/(8259:8259): Nace una nueva Instancia
[TRACE] 01:51:34:841 INSTANCIA/(8259:8259): Conectó sin problemas
[TRACE] 01:51:41:788 INSTANCIA/(8259:8259): Mandamos un mensaje al servidor, esperamos respuesta
[TRACE] 01:56:53:553 INSTANCIA/(8420:8420): Nace una nueva Instancia
[TRACE] 01:56:53:590 INSTANCIA/(8420:8420): Conectó sin problemas
[TRACE] 01:56:59:337 INSTANCIA/(8420:8420): Mandamos un mensaje al servidor, esperamos respuesta
[TRACE] 01:57:40:344 INSTANCIA/(8464:8464): Nace una nueva Instancia
[TRACE] 01:57:40:345 INSTANCIA/(8464:8464): Conectó sin problemas
[TRACE] 01:57:49:957 INSTANCIA/(8464:8464): Mandamos un mensaje al servidor, esperamos respuesta
[TRACE] 02:35:51:689 INSTANCIA/(9421:9421): Nace una nueva Instancia
[TRACE] 02:35:51:728 INSTANCIA/(9421:9421): Conectó sin problemas
[TRACE] 02:35:57:725 INSTANCIA/(9421:9421): Mandamos un mensaje al servidor, esperamos respuesta
[TRACE] 02:39:48:986 INSTANCIA/(9551:9551): Nace una nueva Instancia
[TRACE] 02:39:49:35 INSTANCIA/(9551:9551): Conectó sin problemas
[TRACE] 02:40:16:516 INSTANCIA/(9590:9590): Nace una nueva Instancia
[TRACE] 02:40:16:516 INSTANCIA/(9590:9590): Conectó sin problemas
[TRACE] 02:40:33:635 INSTANCIA/(9610:9610): Nace una nueva Instancia
[TRACE] 02:40:33:642 INSTANCIA/(9610:9610): Conectó sin problemas
[TRACE] 02:41:00:67 INSTANCIA/(9655:9655): Nace una nueva Instancia
[TRACE] 02:41:00:68 INSTANCIA/(9655:9655): Conectó sin problemas
[TRACE] 02:41:13:22 INSTANCIA/(9674:9674): Nace una nueva Instancia
[TRACE] 02:41:13:28 INSTANCIA/(9674:9674): Conectó sin problemas
[TRACE] 02:41:25:309 INSTANCIA/(9690:9690): Nace una nueva Instancia
[TRACE] 02:41:25:312 INSTANCIA/(9690:9690): Conectó sin problemas
[TRACE] 02:41:40:484 INSTANCIA/(9708:9708): Nace una nueva Instancia
[TRACE] 02:41:40:485 INSTANCIA/(9708:9708): Conectó sin problemas
[TRACE] 02:41:56:678 INSTANCIA/(9725:9725): Nace una nueva Instancia
[TRACE] 02:41:56:684 INSTANCIA/(9725:9725): Conectó sin problemas
[TRACE] 02:42:24:697 INSTANCIA/(9752:9752): Nace una nueva Instancia
[TRACE] 02:42:24:698 INSTANCIA/(9752:9752): Conectó sin problemas
[TRACE] 02:43:33:992 INSTANCIA/(9822:9822): Nace una nueva Instancia
[TRACE] 02:43:33:995 INSTANCIA/(9822:9822): Conectó sin problemas
[TRACE] 02:43:49:855 INSTANCIA/(9822:9822): Mandamos un mensaje al servidor, esperamos respuesta
[TRACE] 02:45:13:978 INSTANCIA/(9896:9896): Nace una nueva Instancia
[TRACE] 02:45:14:28 INSTANCIA/(9896:9896): Conectó sin problemas
[TRACE] 02:46:06:654 INSTANCIA/(9941:9941): Nace una nueva Instancia
[TRACE] 02:46:06:832 INSTANCIA/(9941:9941): Conectó sin problemas
[TRACE] 02:46:15:960 INSTANCIA/(9941:9941): Mandamos un mensaje al servidor, esperamos respuesta
[TRACE] 02:47:58:722 INSTANCIA/(10017:10017): Nace una nueva Instancia
[TRACE] 02:47:58:723 INSTANCIA/(10017:10017): Conectó sin problemas
[TRACE] 02:48:03:791 INSTANCIA/(10017:10017): Mandamos un mensaje al servidor, esperamos respuesta
[TRACE] 17:48:48:115 INSTANCIA/(7242:7242): Nace una nueva Instancia
[TRACE] 17:48:48:117 INSTANCIA/(7242:7242): Conectó sin problemas
[TRACE] 17:48:57:139 INSTANCIA/(7242:7242): Mandamos un mensaje al servidor, esperamos respuesta
[TRACE] 18:01:23:373 INSTANCIA/(7242:7242): Mandamos un mensaje al servidor, esperamos respuesta
[TRACE] 00:48:15:446 Coordinador/(6196:6196): An instance joins the brawl!
[TRACE] 00:48:15:453 Coordinador/(6196:6196): Intentando conexion al servidor.
[ERROR] 00:48:15:459 Coordinador/(6196:6196): Fallo la conexion con el servidor.
[TRACE] 00:51:21:768 Coordinador/(6258:6258): An instance joins the brawl!
[TRACE] 00:51:21:809 Coordinador/(6258:6258): Intentando conexion al servidor.
[ERROR] 00:51:21:813 Coordinador/(6258:6258): Fallo la conexion con el servidor.
[TRACE] 00:59:22:512 Coordinador/(6448:6448): An instance joins the brawl!
[TRACE] 00:59:22:518 Coordinador/(6448:6448): Intentando conexion al servidor.
[ERROR] 00:59:22:552 Coordinador/(6448:6448): Fallo la conexion con el servidor.
