[TRACE] 20:39:56:784 ESI/(13369:13369): Nace un nuevo ESI
[TRACE] 20:39:56:804 ESI/(13369:13369): Conectó sin problemas
[TRACE] 00:14:29:597 ESI/(6770:6770): Nace un nuevo ESI
[TRACE] 00:14:29:610 ESI/(6770:6770): Conectó sin problemas
[TRACE] 00:14:42:916 ESI/(6800:6800): Nace un nuevo ESI
[TRACE] 00:14:42:919 ESI/(6800:6800): Conectó sin problemas
[TRACE] 00:15:26:903 ESI/(6770:6770): Mandamos un mensaje al servidor
[TRACE] 00:15:57:598 ESI/(6770:6770): Mandamos un mensaje al servidor
[TRACE] 00:16:20:200 ESI/(6770:6770): Mandamos un mensaje al servidor
[TRACE] 08:54:31:150 ESI/(6948:6948): Nace un nuevo ESI
[TRACE] 08:54:31:152 ESI/(6948:6948): Conectó sin problemas
[TRACE] 11:18:02:165 ESI/(11883:11883): Nace un nuevo ESI
[TRACE] 11:18:02:168 ESI/(11883:11883): Conectó sin problemas
[TRACE] 11:18:48:192 ESI/(11883:11883): Mandamos un mensaje al servidor
[TRACE] 11:19:49:94 ESI/(11883:11883): Mandamos un mensaje al servidor
[TRACE] 00:23:14:492 ESI/(5328:5328): Nace un nuevo ESI
[TRACE] 00:23:14:525 ESI/(5328:5328): Conectó sin problemas
[TRACE] 00:23:17:781 ESI/(5343:5343): Nace un nuevo ESI
[TRACE] 00:23:17:784 ESI/(5343:5343): Conectó sin problemas
[TRACE] 00:23:41:672 ESI/(5343:5343): Mandamos un mensaje al servidor
[TRACE] 00:42:56:635 ESI/(5328:5328): Mandamos un mensaje al servidor
[TRACE] 17:49:14:423 ESI/(5361:5361): Nace un nuevo ESI
[TRACE] 17:49:14:437 ESI/(5361:5361): Conectó sin problemas
[TRACE] 17:58:06:328 ESI/(5497:5497): Nace un nuevo ESI
[TRACE] 17:58:06:435 ESI/(5497:5497): Conectó sin problemas
[TRACE] 18:03:11:466 ESI/(5557:5557): Nace un nuevo ESI
[TRACE] 18:03:11:530 ESI/(5557:5557): Conectó sin problemas
[TRACE] 18:37:41:582 ESI/(6348:6348): Nace un nuevo ESI
[TRACE] 18:37:41:643 ESI/(6348:6348): Conectó sin problemas
[TRACE] 18:37:41:649 ESI/(6348:6348): Mensaje enviado.
[TRACE] 18:37:43:629 ESI/(6348:6348): Mensaje recibido desde el servidor.
[TRACE] 18:37:43:633 ESI/(6348:6348): Cerrando conexion con servidor y terminando.
[TRACE] 18:43:12:552 ESI/(6478:6478): Nace un nuevo ESI
[TRACE] 18:43:12:607 ESI/(6478:6478): Conectó sin problemas
[TRACE] 18:47:59:958 ESI/(6624:6624): Nace un nuevo ESI
[ERROR] 18:48:00:47 ESI/(6624:6624): Fallo la conexion.
[TRACE] 18:54:43:99 ESI/(6827:6827): Nace un nuevo ESI
[TRACE] 18:54:43:117 ESI/(6827:6827): Conectó sin problemas
[TRACE] 18:54:43:134 ESI/(6827:6827): Mensaje enviado.
[TRACE] 18:54:44:67 ESI/(6827:6827): Mensaje recibido desde el servidor.
[TRACE] 18:54:44:72 ESI/(6827:6827): Cerrando conexion con servidor y terminando.
[TRACE] 19:01:49:664 ESI/(7002:7002): Nace un nuevo ESI
[TRACE] 19:01:49:827 ESI/(7002:7002): Conectó sin problemas
[TRACE] 19:01:49:838 ESI/(7002:7002): Mensaje enviado.
[TRACE] 19:01:50:865 ESI/(7002:7002): Mensaje recibido desde el servidor.
[TRACE] 19:01:50:868 ESI/(7002:7002): Cerrando conexion con servidor y terminando.
[TRACE] 19:13:23:372 ESI/(7322:7322): Nace un nuevo ESI
[ERROR] 19:13:23:399 ESI/(7322:7322): Fallo la conexion.
[TRACE] 19:15:22:856 ESI/(7357:7357): Nace un nuevo ESI
[TRACE] 19:15:22:877 ESI/(7357:7357): Conectó sin problemas
[TRACE] 19:15:22:885 ESI/(7357:7357): Mensaje enviado.
[TRACE] 19:15:25:246 ESI/(7357:7357): Mensaje recibido desde el servidor.
[TRACE] 19:19:10:909 ESI/(7487:7487): Nace un nuevo ESI
[TRACE] 19:19:10:929 ESI/(7487:7487): Conectó sin problemas
[TRACE] 19:19:10:936 ESI/(7487:7487): Mensaje enviado.
[TRACE] 19:19:12:324 ESI/(7487:7487): Mensaje recibido desde el servidor.
[TRACE] 19:23:31:981 ESI/(7581:7581): Nace un nuevo ESI
[TRACE] 19:23:32:32 ESI/(7581:7581): Conectó sin problemas
[TRACE] 19:23:32:47 ESI/(7581:7581): Mensaje enviado.
[TRACE] 19:23:32:69 ESI/(7581:7581): Mensaje recibido desde el servidor.
[TRACE] 19:23:32:80 ESI/(7581:7581): Cerrando conexion con servidor y terminando.
[TRACE] 19:40:02:986 ESI/(8026:8026): ESI on duty.
[TRACE] 19:40:03:153 ESI/(8026:8026): Conectó sin problemas
[TRACE] 19:40:03:169 ESI/(8026:8026): Mensaje enviado.
[TRACE] 19:40:03:178 ESI/(8026:8026): Mensaje recibido desde el servidor.
[TRACE] 19:40:03:195 ESI/(8026:8026): Cerrando conexion con servidor y terminando.
[TRACE] 19:43:27:458 ESI/(8129:8129): ESI on duty.
[ERROR] 19:43:27:480 ESI/(8129:8129): Fallo la conexion con el servidor.
[TRACE] 19:45:47:879 ESI/(8184:8184): ESI on duty.
[TRACE] 19:45:47:892 ESI/(8184:8184): Conectó sin problemas
[TRACE] 19:45:47:905 ESI/(8184:8184): Mensaje enviado.
[TRACE] 19:45:47:908 ESI/(8184:8184): Mensaje recibido desde el servidor.
[TRACE] 19:45:47:923 ESI/(8184:8184): Gracias por conectarse al coordinador!
[TRACE] 19:45:47:971 ESI/(8184:8184): Cerrando conexion con servidor y terminando.
[TRACE] 23:53:31:780 ESI/(4822:4822): ESI on duty.
[TRACE] 23:53:31:819 ESI/(4822:4822): Conectó sin problemas
[TRACE] 23:53:31:924 ESI/(4822:4822): Mensaje enviado.
[TRACE] 23:53:31:931 ESI/(4822:4822): Mensaje recibido desde el servidor.
[TRACE] 23:53:31:945 ESI/(4822:4822): Gracias por conectarse al coordinador!
[TRACE] 23:53:31:949 ESI/(4822:4822): Cerrando conexion con servidor y terminando.
[TRACE] 23:53:31:973 ESI/(4822:4822): Conexion exitosa.
[TRACE] 23:59:05:833 ESI/(4969:4969): ESI on duty.
[TRACE] 23:59:05:855 ESI/(4969:4969): Conectó sin problemas
[TRACE] 23:59:05:935 ESI/(4969:4969): Mensaje enviado.
[TRACE] 23:59:05:942 ESI/(4969:4969): Mensaje recibido desde el servidor.
[TRACE] 23:59:05:947 ESI/(4969:4969): Gracias por conectarse al coordinador!
[TRACE] 23:59:05:957 ESI/(4969:4969): Cerrando conexion con servidor y terminando.
[TRACE] 23:59:06:527 ESI/(4969:4969): Conexion exitosa.
[TRACE] 23:59:49:974 ESI/(4996:4996): ESI on duty.
[TRACE] 23:59:49:994 ESI/(4996:4996): Conectó sin problemas
[TRACE] 23:59:50:25 ESI/(4996:4996): Mensaje enviado.
[TRACE] 23:59:50:28 ESI/(4996:4996): Mensaje recibido desde el servidor.
[TRACE] 23:59:50:50 ESI/(4996:4996): Gracias por conectarse al coordinador!
[TRACE] 23:59:50:61 ESI/(4996:4996): Cerrando conexion con servidor y terminando.
[TRACE] 23:59:50:65 ESI/(4996:4996): Conexion exitosa.
[TRACE] 00:14:55:845 ESI/(5422:5422): ESI on duty.
[ERROR] 00:14:55:857 ESI/(5422:5422): Fallo la conexion con el servidor.
[TRACE] 00:16:05:829 ESI/(5441:5441): ESI on duty.
[ERROR] 00:16:05:851 ESI/(5441:5441): Fallo la conexion con el servidor.
[TRACE] 00:17:38:553 ESI/(5477:5477): ESI on duty.
[TRACE] 00:17:38:599 ESI/(5477:5477): Conectó sin problemas
[TRACE] 00:17:38:658 ESI/(5477:5477): Mensaje enviado.
[TRACE] 00:17:38:664 ESI/(5477:5477): Mensaje recibido desde el servidor.
[TRACE] 00:17:38:665 ESI/(5477:5477): Gracias por conectarse al coordinador!
[TRACE] 00:17:38:666 ESI/(5477:5477): Cerrando conexion con servidor y terminando.
[TRACE] 00:17:38:667 ESI/(5477:5477): Conexion exitosa.
[TRACE] 00:21:30:694 ESI/(5586:5586): ESI on duty.
[TRACE] 00:21:30:745 ESI/(5586:5586): Conectó sin problemas
[TRACE] 00:21:30:768 ESI/(5586:5586): Mensaje enviado.
[TRACE] 00:21:30:774 ESI/(5586:5586): Mensaje recibido desde el servidor.
[TRACE] 00:21:30:777 ESI/(5586:5586): Gracias por conectarse al coordinador!
[TRACE] 00:21:30:791 ESI/(5586:5586): Cerrando conexion con servidor y terminando.
[ERROR] 00:21:30:813 ESI/(5586:5586): Fallo la conexion con el servidor.
[TRACE] 00:22:53:944 ESI/(5632:5632): ESI on duty.
[ERROR] 00:22:53:953 ESI/(5632:5632): Fallo la conexion con el servidor.
[TRACE] 00:25:31:208 ESI/(5703:5703): ESI on duty!
[ERROR] 00:25:31:291 ESI/(5703:5703): Fallo la conexion con el servidor.
[TRACE] 00:27:00:918 ESI/(5753:5753): ESI on duty!
[TRACE] 00:27:00:936 ESI/(5753:5753): Conectó sin problemas
[TRACE] 00:27:00:954 ESI/(5753:5753): Mensaje enviado.
[TRACE] 00:27:00:962 ESI/(5753:5753): Mensaje recibido desde el servidor.
[TRACE] 00:27:00:969 ESI/(5753:5753): Gracias por conectarse al coordinador!
[TRACE] 00:27:00:980 ESI/(5753:5753): Cerrando conexion con servidor y terminando.
[ERROR] 00:27:00:0 ESI/(5753:5753): Fallo la conexion con el servidor.
[TRACE] 00:35:03:349 ESI/(5924:5924): ESI on duty!
[TRACE] 00:35:03:363 ESI/(5924:5924): Intentando conexion al servidor.
[ERROR] 00:35:03:370 ESI/(5924:5924): Fallo la conexion con el servidor.
[TRACE] 00:52:53:522 ESI/(6296:6296): ESI on duty!
[TRACE] 00:52:53:529 ESI/(6296:6296): Intentando conexion al servidor.
[TRACE] 00:52:53:535 ESI/(6296:6296): Conectó sin problemas
[TRACE] 00:52:53:599 ESI/(6296:6296): Mensaje enviado.
[TRACE] 00:52:53:643 ESI/(6296:6296): Mensaje recibido desde el servidor.
[TRACE] 00:52:53:643 ESI/(6296:6296): Gracias por conectarse al coordinador!
[TRACE] 00:52:53:644 ESI/(6296:6296): Cerrando conexion con servidor y terminando.
[TRACE] 00:52:53:667 ESI/(6296:6296): Intentando conexion al servidor.
[ERROR] 00:52:53:673 ESI/(6296:6296): Fallo la conexion con el servidor.
[TRACE] 00:56:38:42 ESI/(6376:6376): ESI on duty!
[TRACE] 00:56:38:52 ESI/(6376:6376): Intentando conexion al servidor.
[TRACE] 00:56:38:72 ESI/(6376:6376): Conectó sin problemas
[TRACE] 00:56:38:95 ESI/(6376:6376): Mensaje enviado.
[TRACE] 00:56:38:107 ESI/(6376:6376): Mensaje recibido desde el servidor.
[TRACE] 00:56:38:127 ESI/(6376:6376): Gracias por conectarse al coordinador!
[TRACE] 00:56:38:133 ESI/(6376:6376): Cerrando conexion con servidor y terminando.
[TRACE] 00:56:38:156 ESI/(6376:6376): Conexion exitosa.
[TRACE] 00:57:46:834 ESI/(6395:6395): ESI on duty!
[TRACE] 00:57:46:842 ESI/(6395:6395): Intentando conexion al servidor.
[ERROR] 00:57:46:868 ESI/(6395:6395): Fallo la conexion con el servidor.
[TRACE] 00:58:54:114 ESI/(6427:6427): ESI on duty!
[TRACE] 00:58:54:121 ESI/(6427:6427): Intentando conexion al servidor.
[ERROR] 00:58:54:124 ESI/(6427:6427): Fallo la conexion con el servidor.
[TRACE] 14:56:59:820 ESI/(5277:5277): ESI on duty!
[TRACE] 14:56:59:827 ESI/(5277:5277): Intentando conexion al servidor.
[TRACE] 14:56:59:842 ESI/(5277:5277): Conectó sin problemas
[TRACE] 14:56:59:859 ESI/(5277:5277): Mensaje enviado.
[TRACE] 14:56:59:865 ESI/(5277:5277): Mensaje recibido desde el servidor.
[TRACE] 14:56:59:869 ESI/(5277:5277): Gracias por conectarse al coordinador!
[TRACE] 14:57:00:20 ESI/(5277:5277): Cerrando conexion con servidor y terminando.
[TRACE] 14:57:00:28 ESI/(5277:5277): Conexion exitosa.
[TRACE] 15:02:52:346 ESI/(5408:5408): ESI on duty!
[TRACE] 15:02:52:363 ESI/(5408:5408): Intentando conexion al servidor.
[TRACE] 15:02:52:380 ESI/(5408:5408): Conectó sin problemas
[TRACE] 15:02:52:405 ESI/(5408:5408): Mensaje enviado.
[TRACE] 15:02:52:408 ESI/(5408:5408): Mensaje recibido desde el servidor.
[TRACE] 15:02:52:412 ESI/(5408:5408): Gracias por conectarse al coordinador!
[TRACE] 15:02:52:432 ESI/(5408:5408): Cerrando conexion con servidor y terminando.
[TRACE] 15:02:52:441 ESI/(5408:5408): Conexion exitosa.
[TRACE] 15:03:24:389 ESI/(5422:5422): ESI on duty!
[TRACE] 15:03:24:397 ESI/(5422:5422): Intentando conexion al servidor.
[TRACE] 15:03:24:401 ESI/(5422:5422): Conectó sin problemas
[TRACE] 15:03:24:405 ESI/(5422:5422): Mensaje enviado.
[TRACE] 15:07:23:200 ESI/(5422:5422): Mensaje recibido desde el servidor.
[TRACE] 15:07:23:280 ESI/(5422:5422): o
[TRACE] 15:07:23:287 ESI/(5422:5422): Cerrando conexion con servidor y terminando.
[TRACE] 15:07:23:287 ESI/(5422:5422): Conexion exitosa.
[TRACE] 15:09:13:182 ESI/(5509:5509): ESI on duty!
[TRACE] 15:09:13:187 ESI/(5509:5509): Intentando conexion al servidor.
[ERROR] 15:09:13:200 ESI/(5509:5509): Fallo la conexion con el servidor.
[TRACE] 15:25:24:196 ESI/(5887:5887): ESI on duty!
[TRACE] 15:25:24:205 ESI/(5887:5887): Intentando conexion al servidor.
[TRACE] 15:25:24:209 ESI/(5887:5887): Conectó sin problemas
[TRACE] 15:25:24:216 ESI/(5887:5887): Mensaje enviado.
[TRACE] 15:36:11:783 ESI/(6048:6048): ESI on duty!
[TRACE] 15:36:11:791 ESI/(6048:6048): Intentando conexion al servidor.
[TRACE] 15:36:11:798 ESI/(6048:6048): Conectó sin problemas
[TRACE] 15:36:11:802 ESI/(6048:6048): Mensaje enviado.
[TRACE] 15:39:52:445 ESI/(6208:6208): ESI on duty!
[TRACE] 15:39:52:448 ESI/(6208:6208): Intentando conexion al servidor.
[TRACE] 15:39:52:455 ESI/(6208:6208): Conectó sin problemas
[TRACE] 15:39:52:464 ESI/(6208:6208): Mensaje enviado.
[TRACE] 15:39:52:464 ESI/(6208:6208): Mensaje recibido desde el servidor.
[TRACE] 15:39:52:468 ESI/(6208:6208): Gracias por conectarse al coordinador!
[TRACE] 15:39:52:469 ESI/(6208:6208): Cerrando conexion con servidor y terminando.
[TRACE] 15:39:52:469 ESI/(6208:6208): Intentando conexion al servidor.
[ERROR] 15:39:52:470 ESI/(6208:6208): Fallo la conexion con el servidor.
[TRACE] 15:40:25:674 ESI/(6225:6225): ESI on duty!
[TRACE] 15:40:25:684 ESI/(6225:6225): Intentando conexion al servidor.
[TRACE] 15:40:25:696 ESI/(6225:6225): Conectó sin problemas
[TRACE] 15:40:25:699 ESI/(6225:6225): Mensaje enviado.
[TRACE] 15:42:22:661 ESI/(6225:6225): Mensaje recibido desde el servidor.
[TRACE] 15:42:22:666 ESI/(6225:6225): o
[TRACE] 17:30:21:921 ESI/(3594:3594): ESI on duty!
[TRACE] 17:30:21:969 ESI/(3594:3594): Intentando conexion al servidor.
[TRACE] 17:30:22:76 ESI/(3594:3594): Conectó sin problemas
[TRACE] 17:30:22:223 ESI/(3594:3594): Mensaje enviado.
[TRACE] 17:30:22:224 ESI/(3594:3594): Mensaje recibido desde el servidor.
[TRACE] 17:30:22:226 ESI/(3594:3594): Gracias por conectarse al coordinador!
[TRACE] 17:30:22:227 ESI/(3594:3594): Cerrando conexion con servidor y terminando.
[TRACE] 17:30:22:228 ESI/(3594:3594): Intentando conexion al servidor.
[ERROR] 17:30:22:414 ESI/(3594:3594): Fallo la conexion con el servidor.
[TRACE] 17:31:38:812 ESI/(3617:3617): ESI on duty!
[TRACE] 17:31:38:835 ESI/(3617:3617): Intentando conexion al servidor.
[TRACE] 17:31:38:850 ESI/(3617:3617): Conectó sin problemas
[TRACE] 17:31:38:862 ESI/(3617:3617): Mensaje enviado.
[TRACE] 17:32:27:124 ESI/(3617:3617): Mensaje recibido desde el servidor.
[TRACE] 17:32:27:126 ESI/(3617:3617): o
[TRACE] 17:32:27:127 ESI/(3617:3617): Cerrando conexion con servidor y terminando.
[TRACE] 17:32:27:128 ESI/(3617:3617): Intentando conexion al servidor.
[ERROR] 17:32:27:237 ESI/(3617:3617): Fallo la conexion con el servidor.
[TRACE] 17:42:21:523 ESI/(3800:3800): ESI on duty!
[TRACE] 17:42:21:525 ESI/(3800:3800): Intentando conexion al servidor.
[TRACE] 17:42:21:562 ESI/(3800:3800): Conectó sin problemas
[TRACE] 17:42:21:587 ESI/(3800:3800): Mensaje enviado.
[TRACE] 17:42:21:595 ESI/(3800:3800): Mensaje recibido desde el servidor.
[TRACE] 17:42:21:600 ESI/(3800:3800): Gracias por conectarse al coordinador!
[TRACE] 17:42:21:609 ESI/(3800:3800): Cerrando conexion con servidor y terminando.
[TRACE] 17:42:21:613 ESI/(3800:3800): Intentando conexion al servidor.
[ERROR] 17:42:21:621 ESI/(3800:3800): Fallo la conexion con el servidor.
[TRACE] 17:43:27:980 ESI/(3838:3838): ESI on duty!
[TRACE] 17:43:27:995 ESI/(3838:3838): Intentando conexion al servidor.
[TRACE] 17:43:28:60 ESI/(3838:3838): Conectó sin problemas
[TRACE] 17:43:28:72 ESI/(3838:3838): Mensaje enviado.
[TRACE] 18:06:25:354 ESI/(4188:4188): ESI on duty!
[TRACE] 18:06:25:358 ESI/(4188:4188): Intentando conexion al servidor.
[TRACE] 18:06:25:385 ESI/(4188:4188): Conectó sin problemas
[TRACE] 18:06:25:423 ESI/(4188:4188): Mensaje enviado.
[TRACE] 18:06:25:434 ESI/(4188:4188): Mensaje recibido desde el servidor.
[TRACE] 18:06:25:444 ESI/(4188:4188): Gracias por conectarse al coordinador!
[TRACE] 18:06:25:450 ESI/(4188:4188): Cerrando conexion con servidor y terminando.
[TRACE] 18:06:25:454 ESI/(4188:4188): Intentando conexion al servidor.
[ERROR] 18:06:25:469 ESI/(4188:4188): Fallo la conexion con el servidor.
[TRACE] 18:09:25:493 ESI/(4300:4300): ESI on duty!
[TRACE] 18:09:25:497 ESI/(4300:4300): Intentando conexion al servidor.
[TRACE] 18:09:25:523 ESI/(4300:4300): Conectó sin problemas
[TRACE] 18:09:25:541 ESI/(4300:4300): Mensaje enviado.
[TRACE] 18:09:25:558 ESI/(4300:4300): Mensaje recibido desde el servidor.
[TRACE] 18:09:25:564 ESI/(4300:4300): Gracias por conectarse al coordinador!
[TRACE] 18:09:25:572 ESI/(4300:4300): Cerrando conexion con servidor y terminando.
[TRACE] 18:09:25:584 ESI/(4300:4300): Intentando conexion al servidor.
[ERROR] 18:09:25:589 ESI/(4300:4300): Fallo la conexion con el servidor.
[TRACE] 18:12:04:930 ESI/(4368:4368): ESI on duty!
[TRACE] 18:12:29:487 ESI/(4368:4368): Intentando conexion al servidor.
[TRACE] 18:14:21:26 ESI/(4368:4368): Conectó sin problemas
[TRACE] 18:14:33:558 ESI/(4368:4368): Mensaje enviado.
[TRACE] 18:18:43:150 ESI/(4530:4530): ESI on duty!
[TRACE] 18:18:58:420 ESI/(4530:4530): Intentando conexion al servidor.
[TRACE] 18:19:49:133 ESI/(4530:4530): Conectó sin problemas
[TRACE] 18:20:06:403 ESI/(4530:4530): Mensaje enviado.
[TRACE] 18:24:10:328 ESI/(4530:4530): Mensaje recibido desde el servidor.
[TRACE] 18:24:12:612 ESI/(4530:4530): Gracias por conectarse al coordinador!
[TRACE] 18:24:16:193 ESI/(4530:4530): Cerrando conexion con servidor y terminando.
[TRACE] 18:24:30:456 ESI/(4530:4530): Intentando conexion al servidor.
[TRACE] 18:43:28:949 ESI/(5222:5222): ESI on duty!
[TRACE] 18:43:28:975 ESI/(5222:5222): Intentando conexion al servidor.
[TRACE] 18:43:28:980 ESI/(5222:5222): Conectó sin problemas
[TRACE] 18:43:28:986 ESI/(5222:5222): Mensaje enviado.
[TRACE] 18:45:53:983 ESI/(5323:5323): ESI on duty!
[TRACE] 18:45:53:996 ESI/(5323:5323): Intentando conexion al servidor.
[TRACE] 18:45:54:189 ESI/(5323:5323): Conectó sin problemas
[TRACE] 18:45:54:193 ESI/(5323:5323): Mensaje enviado.
[TRACE] 18:49:10:416 ESI/(5467:5467): ESI on duty!
[TRACE] 18:49:10:424 ESI/(5467:5467): Intentando conexion al servidor.
[TRACE] 18:49:10:429 ESI/(5467:5467): Conectó sin problemas
[TRACE] 18:49:10:440 ESI/(5467:5467): Mensaje enviado.
