[TRACE] 00:38:22:819 Coordinador/(5716:5716): Nace el coordinador
[TRACE] 00:38:22:828 Coordinador/(5716:5716): Esperando 
[TRACE] 00:41:03:694 Coordinador/(5844:5844): Nace el coordinador
[TRACE] 00:41:03:697 Coordinador/(5844:5844): Esperando 
[TRACE] 00:42:19:406 Coordinador/(5910:5910): Nace el coordinador
[TRACE] 00:42:19:417 Coordinador/(5910:5910): Esperando 
[TRACE] 00:42:34:472 Coordinador/(5910:5910): Escuch√©
[TRACE] 00:44:28:41 Coordinador/(5969:5969): Nace el coordinador
[TRACE] 00:44:28:42 Coordinador/(5969:5969): Esperando 
[TRACE] 00:45:51:54 Coordinador/(6069:6069): Nace el coordinador
[TRACE] 00:45:51:66 Coordinador/(6069:6069): Esperando 
[TRACE] 00:46:23:971 Coordinador/(6069:6069): Escuch√©
[TRACE] 00:47:34:902 Coordinador/(6129:6129): Nace el coordinador
[TRACE] 00:47:34:903 Coordinador/(6129:6129): Esperando 
[TRACE] 00:47:46:34 Coordinador/(6129:6129): Escuch√©
[TRACE] 00:59:01:982 Coordinador/(6450:6450): Nace el coordinador
[TRACE] 00:59:02:11 Coordinador/(6450:6450): Esperando 
[TRACE] 01:01:05:538 Coordinador/(6517:6517): Nace el coordinador
[TRACE] 01:01:05:539 Coordinador/(6517:6517): Esperando 
[TRACE] 01:01:15:59 Coordinador/(6517:6517): Escuch√©
[TRACE] 01:16:23:325 Coordinador/(6988:6988): Nace el coordinador
[TRACE] 01:16:23:336 Coordinador/(6988:6988): Esperando 
[TRACE] 01:17:47:478 Coordinador/(7094:7094): Nace el coordinador
[TRACE] 01:17:47:479 Coordinador/(7094:7094): Esperando 
[TRACE] 01:17:58:899 Coordinador/(7094:7094): Escuch√©
[TRACE] 01:26:20:615 Coordinador/(7408:7408): Nace el coordinador
[TRACE] 01:26:20:693 Coordinador/(7408:7408): Esperando 
[TRACE] 01:29:03:162 Coordinador/(7478:7478): Nace el coordinador
[TRACE] 01:29:03:181 Coordinador/(7478:7478): Esperando 
[TRACE] 01:30:38:783 Coordinador/(7556:7556): Nace el coordinador
[TRACE] 01:30:38:787 Coordinador/(7556:7556): Esperando 
[TRACE] 01:30:46:611 Coordinador/(7556:7556): Escuch√©
[TRACE] 01:40:19:427 Coordinador/(7867:7867): Nace el coordinador
[TRACE] 01:40:19:438 Coordinador/(7867:7867): Esperando 
[TRACE] 01:40:35:203 Coordinador/(7867:7867): Escuch√©
[TRACE] 01:51:23:133 Coordinador/(8237:8237): Nace el coordinador
[TRACE] 01:51:23:148 Coordinador/(8237:8237): Esperando 
[TRACE] 01:51:34:841 Coordinador/(8237:8237): Escuch√©
[TRACE] 01:54:56:742 Coordinador/(8338:8338): Nace el coordinador
[TRACE] 01:54:56:754 Coordinador/(8338:8338): Esperando 
[TRACE] 01:57:28:137 Coordinador/(8446:8446): Nace el coordinador
[TRACE] 01:57:28:201 Coordinador/(8446:8446): Esperando 
[TRACE] 01:57:40:344 Coordinador/(8446:8446): Escuch√©
[TRACE] 02:34:54:425 Coordinador/(9358:9358): Nace el coordinador
[TRACE] 02:34:54:448 Coordinador/(9358:9358): Esperando 
[TRACE] 02:35:23:517 Coordinador/(9375:9375): Nace el coordinador
[TRACE] 02:35:23:517 Coordinador/(9375:9375): Esperando 
[TRACE] 02:35:51:728 Coordinador/(9375:9375): Escuch√©
[TRACE] 02:38:58:729 Coordinador/(9483:9483): Nace el coordinador
[TRACE] 02:38:58:783 Coordinador/(9483:9483): Esperando 
[TRACE] 02:39:49:35 Coordinador/(9483:9483): Escuch√©
[TRACE] 02:40:05:974 Coordinador/(9569:9569): Nace el coordinador
[TRACE] 02:40:05:977 Coordinador/(9569:9569): Esperando 
[TRACE] 02:40:51:757 Coordinador/(9638:9638): Nace el coordinador
[TRACE] 02:40:51:774 Coordinador/(9638:9638): Esperando 
[TRACE] 02:43:08:966 Coordinador/(9794:9794): Nace el coordinador
[TRACE] 02:43:08:988 Coordinador/(9794:9794): Esperando 
[TRACE] 02:43:33:995 Coordinador/(9794:9794): Escuch√©
[TRACE] 02:44:47:895 Coordinador/(9871:9871): Nace el coordinador
[TRACE] 02:44:47:922 Coordinador/(9871:9871): Esperando 
[TRACE] 02:45:53:998 Coordinador/(9923:9923): Nace el coordinador
[TRACE] 02:45:54:17 Coordinador/(9923:9923): Esperando 
[TRACE] 02:46:06:830 Coordinador/(9923:9923): Escuch√©
[TRACE] 02:47:46:498 Coordinador/(9999:9999): Nace el coordinador
[TRACE] 02:47:46:531 Coordinador/(9999:9999): Esperando 
[TRACE] 02:47:58:723 Coordinador/(9999:9999): Escuch√©
[TRACE] 17:48:25:735 Coordinador/(7223:7223): Nace el coordinador
[TRACE] 17:48:25:742 Coordinador/(7223:7223): Esperando 
[TRACE] 17:48:48:117 Coordinador/(7223:7223): Escuch√©
[TRACE] 17:34:57:473 Coordinador/(5032:5032): Nace el coordinador
[TRACE] 17:34:57:485 Coordinador/(5032:5032): Esperando 
[TRACE] 17:41:02:737 Coordinador/(5192:5192): Nace el coordinador
[TRACE] 17:41:02:746 Coordinador/(5192:5192): Esperando 
[TRACE] 17:47:29:790 Coordinador/(5324:5324): Nace el coordinador.
[TRACE] 17:47:29:811 Coordinador/(5324:5324): Esperando 
[TRACE] 17:48:00:692 Coordinador/(5339:5339): Nace el coordinador.
[TRACE] 17:48:00:707 Coordinador/(5339:5339): Esperando 
[TRACE] 17:49:14:434 Coordinador/(5032:5032): Escuch√©
[TRACE] 17:56:19:401 Coordinador/(5464:5464): Nace el coordinador.
[TRACE] 17:56:19:417 Coordinador/(5464:5464): Esperando 
[TRACE] 17:57:18:300 Coordinador/(5482:5482): Nace el coordinador.
[TRACE] 17:57:18:309 Coordinador/(5482:5482): Esperando 
[TRACE] 18:02:40:977 Coordinador/(5541:5541): Nace el coordinador.
[TRACE] 18:02:41:25 Coordinador/(5541:5541): Esperando 
[TRACE] 18:03:11:485 Coordinador/(5541:5541): Cliente conectado.
[TRACE] 18:37:16:669 Coordinador/(6334:6334): Nace el coordinador.
[TRACE] 18:37:16:860 Coordinador/(6334:6334): Esperando 
[TRACE] 18:37:41:613 Coordinador/(6334:6334): Cliente conectado.
[TRACE] 18:52:09:668 Coordinador/(6730:6730): Nace el coordinador.
[TRACE] 18:52:09:707 Coordinador/(6730:6730): Esperando 
[TRACE] 18:54:10:789 Coordinador/(6809:6809): Nace el coordinador.
[TRACE] 18:54:10:801 Coordinador/(6809:6809): Esperando 
[TRACE] 18:54:43:109 Coordinador/(6809:6809): Cliente conectado.
[TRACE] 19:00:59:237 Coordinador/(6986:6986): Nace el coordinador.
[TRACE] 19:00:59:252 Coordinador/(6986:6986): Esperando 
[TRACE] 19:01:49:742 Coordinador/(6986:6986): Cliente conectado.
[TRACE] 19:14:43:128 Coordinador/(7340:7340): Nace el coordinador.
[TRACE] 19:14:43:324 Coordinador/(7340:7340): Esperando 
[TRACE] 19:15:22:864 Coordinador/(7340:7340): Cliente conectado.
[TRACE] 19:18:47:585 Coordinador/(7473:7473): Nace el coordinador.
[TRACE] 19:18:47:594 Coordinador/(7473:7473): Esperando...
[TRACE] 19:19:10:920 Coordinador/(7473:7473): Cliente conectado.
[TRACE] 19:23:00:206 Coordinador/(7565:7565): Nace el coordinador.
[TRACE] 19:23:00:224 Coordinador/(7565:7565): Esperando...
[TRACE] 19:23:32:15 Coordinador/(7565:7565): Cliente conectado.
[TRACE] 19:23:32:19 Coordinador/(7565:7565): Esperando mensaje del cliente.
[TRACE] 19:23:32:40 Coordinador/(7565:7565): ESI on duty.
[TRACE] 19:23:32:61 Coordinador/(7565:7565): Cliente desconectado.
[TRACE] 19:23:32:82 Coordinador/(7565:7565): Cerrando sesion...
[TRACE] 19:33:43:357 Coordinador/(7845:7845): Nace el coordinador.
[TRACE] 19:33:43:380 Coordinador/(7845:7845): Esperando...
[TRACE] 19:34:14:216 Coordinador/(7845:7845): Cliente conectado.
[TRACE] 19:34:14:220 Coordinador/(7845:7845): Esperando mensaje del cliente.
[TRACE] 19:34:15:130 Coordinador/(7845:7845): Fallo la conexion con el cliente.
[TRACE] 19:34:15:172 Coordinador/(7845:7845): (ÏÁøt
s∑
[TRACE] 19:34:15:181 Coordinador/(7845:7845): Terminando conexion con el cliente.
[TRACE] 19:34:15:185 Coordinador/(7845:7845): Cerrando sesion...
[TRACE] 19:39:25:240 Coordinador/(8012:8012): Nace el coordinador.
[TRACE] 19:39:25:257 Coordinador/(8012:8012): Esperando...
[TRACE] 19:40:03:132 Coordinador/(8012:8012): Cliente conectado.
[TRACE] 19:40:03:135 Coordinador/(8012:8012): Esperando mensaje del cliente.
[TRACE] 19:40:03:160 Coordinador/(8012:8012): A wild ESI has appeared!
[TRACE] 19:40:03:165 Coordinador/(8012:8012): Terminando conexion con el cliente.
[TRACE] 19:40:03:211 Coordinador/(8012:8012): Cerrando sesion...
[TRACE] 19:45:26:836 Coordinador/(8166:8166): Nace el coordinador.
[TRACE] 19:45:26:853 Coordinador/(8166:8166): Esperando...
[TRACE] 19:45:47:890 Coordinador/(8166:8166): Cliente conectado.
[TRACE] 19:45:47:892 Coordinador/(8166:8166): Esperando mensaje del cliente.
[TRACE] 19:45:47:900 Coordinador/(8166:8166): A wild ESI has appeared!
[TRACE] 19:45:47:902 Coordinador/(8166:8166): Terminando conexion con el cliente.
[TRACE] 19:45:47:902 Coordinador/(8166:8166): Cerrando sesion...
